<?xml version="1.0" encoding="UTF-8"?>
<!-- Generated by org.testng.reporters.JUnitXMLReporter -->
<testsuite ignored="11" hostname="LAPTOP-U35TTNJ0" failures="0" tests="1" name="Test(failed)" time="33.608" errors="0" timestamp="2023-02-04T19:55:36 IST">
  <testcase classname="mainClass.Main" name="testCase13" time="12.295"/>
  <testcase classname="mainClass.Main" name="testCase2" time="0.0">
    <ignored/>
  </testcase> <!-- testCase2 -->
  <testcase classname="mainClass.Main" name="testCase1" time="0.0">
    <ignored/>
  </testcase> <!-- testCase1 -->
  <testcase classname="mainClass.Main" name="testCase6" time="0.0">
    <ignored/>
  </testcase> <!-- testCase6 -->
  <testcase classname="mainClass.Main" name="testCase5" time="0.0">
    <ignored/>
  </testcase> <!-- testCase5 -->
  <testcase classname="mainClass.Main" name="testCase4" time="0.0">
    <ignored/>
  </testcase> <!-- testCase4 -->
  <testcase classname="mainClass.Main" name="testCase3" time="0.0">
    <ignored/>
  </testcase> <!-- testCase3 -->
  <testcase classname="mainClass.Main" name="testCase10" time="0.0">
    <ignored/>
  </testcase> <!-- testCase10 -->
  <testcase classname="mainClass.Main" name="testCase9" time="0.0">
    <ignored/>
  </testcase> <!-- testCase9 -->
  <testcase classname="mainClass.Main" name="testCase12" time="0.0">
    <ignored/>
  </testcase> <!-- testCase12 -->
  <testcase classname="mainClass.Main" name="testCase8" time="0.0">
    <ignored/>
  </testcase> <!-- testCase8 -->
  <testcase classname="mainClass.Main" name="testCase7" time="0.0">
    <ignored/>
  </testcase> <!-- testCase7 -->
</testsuite> <!-- Test(failed) -->
